<?xml version="1.0" encoding="UTF-8"?>
<!-- Generated by org.testng.reporters.JUnitReportReporter -->
<testsuite hostname="LAPTOP-RQK6USKK" failures="0" tests="1" name="Test.LoginRegistrationTesting.AdminLoginTest" time="6.654" errors="0" timestamp="2022-10-18T21:06:30 IST" skipped="0">
  <testcase classname="Test.LoginRegistrationTesting.AdminLoginTest" name="login" time="6.654"/>
  <system-out/>
</testsuite> <!-- Test.LoginRegistrationTesting.AdminLoginTest -->
